$ C:\cmd> node n.js
┌─────────────────┬──────────────────────┐
│     (index)     │        Values        │
├─────────────────┼──────────────────────┤
│       Er        │          1           │
│ Number of Nodes │          1           │
│  Psi at x_max   │ -0.10637497702178493 │
└─────────────────┴──────────────────────┘
$ C:\cmd> node n.js
┌─────────────────┬───────────────────┐
│     (index)     │      Values       │
├─────────────────┼───────────────────┤
│       Er        │         0         │
│ Number of Nodes │         0         │
│  Psi at x_max   │ 99433810.96124925 │
└─────────────────┴───────────────────┘
$ C:\cmd> node n.js
┌─────────────────┬─────────────────────┐
│     (index)     │       Values        │
├─────────────────┼─────────────────────┤
│       Er        │         0.9         │
│ Number of Nodes │          1          │
│  Psi at x_max   │ -1484655.1512550283 │
└─────────────────┴─────────────────────┘
$ C:\cmd> node n.js
┌─────────────────┬────────────────────┐
│     (index)     │       Values       │
├─────────────────┼────────────────────┤
│       Er        │        0.45        │
│ Number of Nodes │         0          │
│  Psi at x_max   │ 1595714.5465106494 │
└─────────────────┴────────────────────┘
$ C:\cmd> node n.js
┌─────────────────┬─────────────────────┐
│     (index)     │       Values        │
├─────────────────┼─────────────────────┤
│       Er        │        0.675        │
│ Number of Nodes │          1          │
│  Psi at x_max   │ -2014128.2742410232 │
└─────────────────┴─────────────────────┘
$ C:\cmd> node n.js
┌─────────────────┬─────────────────────┐
│     (index)     │       Values        │
├─────────────────┼─────────────────────┤
│       Er        │       0.5625        │
│ Number of Nodes │          1          │
│  Psi at x_max   │ -1211356.1092877537 │
└─────────────────┴─────────────────────┘
$ C:\cmd> node n.js
┌─────────────────┬────────────────────────┐
│     (index)     │         Values         │
├─────────────────┼────────────────────────┤
│       Er        │         0.5625         │
│ Number of Nodes │           31           │
│  Psi at x_max   │ -1.822538139688305e+43 │
└─────────────────┴────────────────────────┘
$ C:\cmd> node n.js
┌─────────────────┬─────────────────────┐
│     (index)     │       Values        │
├─────────────────┼─────────────────────┤
│       Er        │       0.5625        │
│ Number of Nodes │          1          │
│  Psi at x_max   │ -1211356.1092877537 │
└─────────────────┴─────────────────────┘
$ C:\cmd> node n.js
┌─────────────────┬────────────────────┐
│     (index)     │       Values       │
├─────────────────┼────────────────────┤
│       Er        │      0.50625       │
│ Number of Nodes │         1          │
│  Psi at x_max   │ -155849.9561758533 │
└─────────────────┴────────────────────┘
$ C:\cmd> node n.js
┌─────────────────┬───────────────────┐
│     (index)     │      Values       │
├─────────────────┼───────────────────┤
│       Er        │     0.478125      │
│ Number of Nodes │         0         │
│  Psi at x_max   │ 617448.0279420314 │
└─────────────────┴───────────────────┘
$ C:\cmd> node n.js
┌─────────────────┬────────────────────┐
│     (index)     │       Values       │
├─────────────────┼────────────────────┤
│       Er        │     0.4921875      │
│ Number of Nodes │         0          │
│  Psi at x_max   │ 207284.09895101158 │
└─────────────────┴────────────────────┘
$ C:\cmd> node n.js
┌─────────────────┬───────────────────┐
│     (index)     │      Values       │
├─────────────────┼───────────────────┤
│       Er        │    0.49921875     │
│ Number of Nodes │         0         │
│  Psi at x_max   │ 20085.76223893025 │
└─────────────────┴───────────────────┘
$ C:\cmd> node n.js
┌─────────────────┬────────────────────┐
│     (index)     │       Values       │
├─────────────────┼────────────────────┤
│       Er        │    0.502734375     │
│ Number of Nodes │         1          │
│  Psi at x_max   │ -69259.94103001835 │
└─────────────────┴────────────────────┘
$ C:\cmd> node n.js
┌─────────────────┬─────────────────────┐
│     (index)     │       Values        │
├─────────────────┼─────────────────────┤
│       Er        │    0.5009765625     │
│ Number of Nodes │          1          │
│  Psi at x_max   │ -24935.256975119562 │
└─────────────────┴─────────────────────┘
$ C:\cmd> node n.js
┌─────────────────┬────────────────────┐
│     (index)     │       Values       │
├─────────────────┼────────────────────┤
│       Er        │   0.50009765625    │
│ Number of Nodes │         1          │
│  Psi at x_max   │ -2512.256175394608 │
└─────────────────┴────────────────────┘
$ C:\cmd> node n.js
┌─────────────────┬───────────────────┐
│     (index)     │      Values       │
├─────────────────┼───────────────────┤
│       Er        │  0.499658203125   │
│ Number of Nodes │         0         │
│  Psi at x_max   │ 8764.817240091763 │
└─────────────────┴───────────────────┘
$ C:\cmd> node n.js
┌─────────────────┬────────────────────┐
│     (index)     │       Values       │
├─────────────────┼────────────────────┤
│       Er        │  0.4998779296875   │
│ Number of Nodes │         0          │
│  Psi at x_max   │ 3120.8039181747235 │
└─────────────────┴────────────────────┘
$ C:\cmd> node n.js
┌─────────────────┬────────────────────┐
│     (index)     │       Values       │
├─────────────────┼────────────────────┤
│       Er        │  0.49998779296875  │
│ Number of Nodes │         0          │
│  Psi at x_max   │ 302.90563372519637 │
└─────────────────┴────────────────────┘
$ C:\cmd> node n.js
┌─────────────────┬─────────────────────┐
│     (index)     │       Values        │
├─────────────────┼─────────────────────┤
│       Er        │  0.500042724609375  │
│ Number of Nodes │          1          │
│  Psi at x_max   │ -1105.0172158282844 │
└─────────────────┴─────────────────────┘
$ C:\cmd> node n.js
┌─────────────────┬─────────────────────┐
│     (index)     │       Values        │
├─────────────────┼─────────────────────┤
│       Er        │ 0.5000152587890625  │
│ Number of Nodes │          1          │
│  Psi at x_max   │ -401.14129167665357 │
└─────────────────┴─────────────────────┘
$ C:\cmd> node n.js
┌─────────────────┬────────────────────┐
│     (index)     │       Values       │
├─────────────────┼────────────────────┤
│       Er        │ 0.5000015258789062 │
│ Number of Nodes │         1          │
│  Psi at x_max   │ -49.13920590955278 │
└─────────────────┴────────────────────┘
$ C:\cmd> node n.js
┌─────────────────┬─────────────────────┐
│     (index)     │       Values        │
├─────────────────┼─────────────────────┤
│       Er        │ 0.49999465942382815 │
│ Number of Nodes │          0          │
│  Psi at x_max   │ 126.87786953202134  │
└─────────────────┴─────────────────────┘
$ C:\cmd> node n.js
┌─────────────────┬────────────────────┐
│     (index)     │       Values       │
├─────────────────┼────────────────────┤
│       Er        │ 0.4999980926513672 │
│ Number of Nodes │         0          │
│  Psi at x_max   │ 38.86799567270204  │
└─────────────────┴────────────────────┘
$ C:\cmd> node n.js
┌─────────────────┬────────────────────┐
│     (index)     │       Values       │
├─────────────────┼────────────────────┤
│       Er        │ 0.4999998092651367 │
│ Number of Nodes │         1          │
│  Psi at x_max   │ -5.135939140654121 │
└─────────────────┴────────────────────┘
$ C:\cmd> node n.js
┌─────────────────┬────────────────────┐
│     (index)     │       Values       │
├─────────────────┼────────────────────┤
│       Er        │ 0.5000006675720214 │
│ Number of Nodes │         1          │
│  Psi at x_max   │ -27.13765601042236 │
└─────────────────┴────────────────────┘
$ C:\cmd> node n.js
┌─────────────────┬─────────────────────┐
│     (index)     │       Values        │
├─────────────────┼─────────────────────┤
│       Er        │ 0.5000002384185791  │
│ Number of Nodes │          1          │
│  Psi at x_max   │ -16.136818412584667 │
└─────────────────┴─────────────────────┘
$ C:\cmd> node n.js
┌─────────────────┬─────────────────────┐
│     (index)     │       Values        │
├─────────────────┼─────────────────────┤
│       Er        │ 0.5000000238418579  │
│ Number of Nodes │          1          │
│  Psi at x_max   │ -10.636383970919937 │
└─────────────────┴─────────────────────┘
$ C:\cmd> node n.js
┌─────────────────┬─────────────────────┐
│     (index)     │       Values        │
├─────────────────┼─────────────────────┤
│       Er        │         0.5         │
│ Number of Nodes │          1          │
│  Psi at x_max   │ -10.025223905580603 │
└─────────────────┴─────────────────────┘
$ C:\cmd> node n.js
┌─────────────────┬────────────────────┐
│     (index)     │       Values       │
├─────────────────┼────────────────────┤
│       Er        │ 0.499998950958252  │
│ Number of Nodes │         0          │
│  Psi at x_max   │ 16.865944759670118 │
└─────────────────┴────────────────────┘
$ C:\cmd> node n.js
┌─────────────────┬────────────────────┐
│     (index)     │       Values       │
├─────────────────┼────────────────────┤
│       Er        │ 0.4999993801116943 │
│ Number of Nodes │         0          │
│  Psi at x_max   │ 5.864982012283876  │
└─────────────────┴────────────────────┘
$ C:\cmd> node n.js
┌─────────────────┬────────────────────┐
│     (index)     │       Values       │
├─────────────────┼────────────────────┤
│       Er        │ 0.4999995946884155 │
│ Number of Nodes │         0          │
│  Psi at x_max   │ 0.3645161742773637 │
└─────────────────┴────────────────────┘
$ C:\cmd> node n.js
┌─────────────────┬────────────────────┐
│     (index)     │       Values       │
├─────────────────┼────────────────────┤
│       Er        │ 0.4999997019767761 │
│ Number of Nodes │         1          │
│  Psi at x_max   │ -2.385712692850383 │
└─────────────────┴────────────────────┘
$ C:\cmd> node n.js
┌─────────────────┬────────────────────┐
│     (index)     │       Values       │
├─────────────────┼────────────────────┤
│       Er        │ 0.4999996483325958 │
│ Number of Nodes │         1          │
│  Psi at x_max   │ -1.010598563047734 │
└─────────────────┴────────────────────┘
$ C:\cmd> node n.js
┌─────────────────┬──────────────────────┐
│     (index)     │        Values        │
├─────────────────┼──────────────────────┤
│       Er        │ 0.49999962151050564  │
│ Number of Nodes │          1           │
│  Psi at x_max   │ -0.32304122725762097 │
└─────────────────┴──────────────────────┘
$ C:\cmd> node n.js
┌─────────────────┬──────────────────────┐
│     (index)     │        Values        │
├─────────────────┼──────────────────────┤
│       Er        │ 0.49999960809946054  │
│ Number of Nodes │          0           │
│  Psi at x_max   │ 0.020737512491285234 │
└─────────────────┴──────────────────────┘